GG-android/GG/build/outputs/logs/manifest-merger-debug-report.txt
-- Merging decision tree log ---
manifest
ADDED from src\main\AndroidManifest.xml:2:1-47:12
	xmlns:android
		ADDED from src\main\AndroidManifest.xml:2:11-69
	package
		ADDED from src\main\AndroidManifest.xml:3:5-39
		INJECTED from src\main\AndroidManifest.xml
		INJECTED from src\main\AndroidManifest.xml
	android:versionName
		ADDED from src\main\AndroidManifest.xml:5:5-30
		INJECTED from src\main\AndroidManifest.xml
		INJECTED from src\main\AndroidManifest.xml
	android:versionCode
		ADDED from src\main\AndroidManifest.xml:4:5-28
		INJECTED from src\main\AndroidManifest.xml
		INJECTED from src\main\AndroidManifest.xml
uses-sdk
ADDED from src\main\AndroidManifest.xml:7:5-9:41
	android:targetSdkVersion
		ADDED from src\main\AndroidManifest.xml:9:9-38
		INJECTED from src\main\AndroidManifest.xml
		INJECTED from src\main\AndroidManifest.xml
	android:minSdkVersion
		ADDED from src\main\AndroidManifest.xml:8:9-35
		INJECTED from src\main\AndroidManifest.xml
		INJECTED from src\main\AndroidManifest.xml
application
ADDED from src\main\AndroidManifest.xml:11:5-38:19
	android:label
		ADDED from src\main\AndroidManifest.xml:15:9-41
	android:allowBackup
		ADDED from src\main\AndroidManifest.xml:13:9-35
	android:icon
		ADDED from src\main\AndroidManifest.xml:14:9-45
	android:theme
		ADDED from src\main\AndroidManifest.xml:16:9-40
	android:name
		ADDED from src\main\AndroidManifest.xml:12:9-64
activity#gg.example.android_qqfix.MainActivity
ADDED from src\main\AndroidManifest.xml:17:9-25:20
	android:label
		ADDED from src\main\AndroidManifest.xml:19:13-45
	android:name
		ADDED from src\main\AndroidManifest.xml:18:13-65
intent-filter#android.intent.action.MAIN+android.intent.category.LAUNCHER
ADDED from src\main\AndroidManifest.xml:20:13-24:29
action#android.intent.action.MAIN
ADDED from src\main\AndroidManifest.xml:21:17-69
	android:name
		ADDED from src\main\AndroidManifest.xml:21:25-66
category#android.intent.category.LAUNCHER
ADDED from src\main\AndroidManifest.xml:23:17-77
	android:name
		ADDED from src\main\AndroidManifest.xml:23:27-74
activity#gg.example.android_qqfix.ContactsListExpandable
ADDED from src\main\AndroidManifest.xml:26:9-28:20
	android:name
		ADDED from src\main\AndroidManifest.xml:27:13-75
activity#gg.example.android_qqfix.ChatActivity
ADDED from src\main\AndroidManifest.xml:29:9-31:20
	android:name
		ADDED from src\main\AndroidManifest.xml:30:13-65
activity#gg.example.android_qqfix.FaceHistoryActivity
ADDED from src\main\AndroidManifest.xml:32:9-34:20
	android:name
		ADDED from src\main\AndroidManifest.xml:33:13-72
activity#gg.example.android_qqfix.MyFaceActivity
ADDED from src\main\AndroidManifest.xml:35:9-37:20
	android:name
		ADDED from src\main\AndroidManifest.xml:36:13-67
uses-permission#android.permission.INTERNET
ADDED from src\main\AndroidManifest.xml:39:5-67
	android:name
		ADDED from src\main\AndroidManifest.xml:39:22-64
uses-permission#android.permission.ACCESS_WIFI_STATE
ADDED from src\main\AndroidManifest.xml:40:5-76
	android:name
		ADDED from src\main\AndroidManifest.xml:40:22-73
uses-permission#android.permission.ACCESS_NETWORK_STATE
ADDED from src\main\AndroidManifest.xml:41:5-79
	android:name
		ADDED from src\main\AndroidManifest.xml:41:22-76
uses-permission#android.permission.WRITE_EXTERNAL_STORAGE
ADDED from src\main\AndroidManifest.xml:42:5-81
	android:name
		ADDED from src\main\AndroidManifest.xml:42:22-78
uses-permission#android.permission.WAKE_LOCK
ADDED from src\main\AndroidManifest.xml:43:5-68
	android:name
		ADDED from src\main\AndroidManifest.xml:43:22-65
uses-permission#android.permission.DEVICE_POWER
ADDED from src\main\AndroidManifest.xml:44:5-71
	android:name
		ADDED from src\main\AndroidManifest.xml:44:22-68
uses-permission#android.permission.MOUNT_UNMOUNT_FILESYSTEMS
ADDED from src\main\AndroidManifest.xml:45:5-83
	android:name
		ADDED from src\main\AndroidManifest.xml:45:22-81